<?xml version="1.0" encoding="UTF-8"?>
<!-- Generated by org.testng.reporters.JUnitXMLReporter -->
<testsuite ignored="0" hostname="DESKTOP-TRSHQ7E" failures="0" tests="2" name="Default test" time="39.529" errors="0" timestamp="2022-10-06T01:00:36 IST">
  <testcase classname="sequenceOfTestCases.CheckingSeqOfTestCase" name="verifyUrlPage" time="0.019"/>
  <testcase classname="sequenceOfTestCases.CheckingSeqOfTestCase" name="varifyTitlePage" time="0.038"/>
</testsuite> <!-- Default test -->
