<?xml version="1.0" encoding="UTF-8"?>
<testng-results ignored="0" total="2" passed="2" failed="0" skipped="0">
  <reporter-output>
  </reporter-output>
  <suite started-at="2022-10-06T00:59:57 IST" name="Default suite" finished-at="2022-10-06T01:00:36 IST" duration-ms="39529">
    <groups>
    </groups>
    <test started-at="2022-10-06T00:59:57 IST" name="Default test" finished-at="2022-10-06T01:00:36 IST" duration-ms="39529">
      <class name="sequenceOfTestCases.CheckingSeqOfTestCase">
        <test-method is-config="true" signature="browserLaunch()[pri:0, instance:sequenceOfTestCases.CheckingSeqOfTestCase@78123e82]" started-at="2022-10-06T00:59:57 IST" name="browserLaunch" finished-at="2022-10-06T01:00:36 IST" duration-ms="38996" status="PASS">
          <reporter-output>
          </reporter-output>
        </test-method> <!-- browserLaunch -->
        <test-method signature="verifyUrlPage()[pri:1, instance:sequenceOfTestCases.CheckingSeqOfTestCase@78123e82]" started-at="2022-10-06T01:00:36 IST" name="verifyUrlPage" finished-at="2022-10-06T01:00:36 IST" duration-ms="19" status="PASS">
          <reporter-output>
          </reporter-output>
        </test-method> <!-- verifyUrlPage -->
        <test-method signature="varifyTitlePage()[pri:2, instance:sequenceOfTestCases.CheckingSeqOfTestCase@78123e82]" started-at="2022-10-06T01:00:36 IST" name="varifyTitlePage" finished-at="2022-10-06T01:00:36 IST" duration-ms="38" status="PASS">
          <reporter-output>
          </reporter-output>
        </test-method> <!-- varifyTitlePage -->
        <test-method is-config="true" signature="tearDown()[pri:0, instance:sequenceOfTestCases.CheckingSeqOfTestCase@78123e82]" started-at="2022-10-06T01:00:36 IST" name="tearDown" finished-at="2022-10-06T01:00:36 IST" duration-ms="414" status="PASS">
          <reporter-output>
          </reporter-output>
        </test-method> <!-- tearDown -->
      </class> <!-- sequenceOfTestCases.CheckingSeqOfTestCase -->
    </test> <!-- Default test -->
  </suite> <!-- Default suite -->
</testng-results>
